Determining if the pthread_create exist failed with the following output:
Change Dir: /home/marian/p2p/cmake-build-debug/CMakeFiles/CMakeTmp

Run Build Command:"/usr/bin/make" "cmTC_3570e/fast"
/usr/bin/make -f CMakeFiles/cmTC_3570e.dir/build.make CMakeFiles/cmTC_3570e.dir/build
make[1]: Entering directory '/home/marian/p2p/cmake-build-debug/CMakeFiles/CMakeTmp'
Building C object CMakeFiles/cmTC_3570e.dir/CheckSymbolExists.c.o
/usr/bin/cc    -o CMakeFiles/cmTC_3570e.dir/CheckSymbolExists.c.o   -c /home/marian/p2p/cmake-build-debug/CMakeFiles/CMakeTmp/CheckSymbolExists.c
Linking C executable cmTC_3570e
/opt/clion-2018.1.2/bin/cmake/bin/cmake -E cmake_link_script CMakeFiles/cmTC_3570e.dir/link.txt --verbose=1
/usr/bin/cc      -rdynamic CMakeFiles/cmTC_3570e.dir/CheckSymbolExists.c.o  -o cmTC_3570e 
CMakeFiles/cmTC_3570e.dir/CheckSymbolExists.c.o: In function `main':
CheckSymbolExists.c:(.text+0x16): undefined reference to `pthread_create'
collect2: error: ld returned 1 exit status
CMakeFiles/cmTC_3570e.dir/build.make:97: recipe for target 'cmTC_3570e' failed
make[1]: *** [cmTC_3570e] Error 1
make[1]: Leaving directory '/home/marian/p2p/cmake-build-debug/CMakeFiles/CMakeTmp'
Makefile:126: recipe for target 'cmTC_3570e/fast' failed
make: *** [cmTC_3570e/fast] Error 2

File /home/marian/p2p/cmake-build-debug/CMakeFiles/CMakeTmp/CheckSymbolExists.c:
/* */
#include <pthread.h>

int main(int argc, char** argv)
{
  (void)argv;
#ifndef pthread_create
  return ((int*)(&pthread_create))[argc];
#else
  (void)argc;
  return 0;
#endif
}

Determining if the function pthread_create exists in the pthreads failed with the following output:
Change Dir: /home/marian/p2p/cmake-build-debug/CMakeFiles/CMakeTmp

Run Build Command:"/usr/bin/make" "cmTC_b647b/fast"
/usr/bin/make -f CMakeFiles/cmTC_b647b.dir/build.make CMakeFiles/cmTC_b647b.dir/build
make[1]: Entering directory '/home/marian/p2p/cmake-build-debug/CMakeFiles/CMakeTmp'
Building C object CMakeFiles/cmTC_b647b.dir/CheckFunctionExists.c.o
/usr/bin/cc   -DCHECK_FUNCTION_EXISTS=pthread_create   -o CMakeFiles/cmTC_b647b.dir/CheckFunctionExists.c.o   -c /opt/clion-2018.1.2/bin/cmake/share/cmake-3.10/Modules/CheckFunctionExists.c
Linking C executable cmTC_b647b
/opt/clion-2018.1.2/bin/cmake/bin/cmake -E cmake_link_script CMakeFiles/cmTC_b647b.dir/link.txt --verbose=1
/usr/bin/cc  -DCHECK_FUNCTION_EXISTS=pthread_create    -rdynamic CMakeFiles/cmTC_b647b.dir/CheckFunctionExists.c.o  -o cmTC_b647b -lpthreads 
/usr/bin/ld: cannot find -lpthreads
collect2: error: ld returned 1 exit status
CMakeFiles/cmTC_b647b.dir/build.make:97: recipe for target 'cmTC_b647b' failed
make[1]: *** [cmTC_b647b] Error 1
make[1]: Leaving directory '/home/marian/p2p/cmake-build-debug/CMakeFiles/CMakeTmp'
Makefile:126: recipe for target 'cmTC_b647b/fast' failed
make: *** [cmTC_b647b/fast] Error 2


